[debug] [2019-06-16T03:41:31.302Z] ----------------------------------------------------------------------
[debug] [2019-06-16T03:41:31.303Z] Command:       /usr/local/bin/node /usr/local/bin/firebase init
[debug] [2019-06-16T03:41:31.304Z] CLI Version:   7.0.0
[debug] [2019-06-16T03:41:31.304Z] Platform:      darwin
[debug] [2019-06-16T03:41:31.304Z] Node Version:  v10.15.3
[debug] [2019-06-16T03:41:31.304Z] Time:          Sat Jun 15 2019 20:41:31 GMT-0700 (Pacific Daylight Time)
[debug] [2019-06-16T03:41:31.304Z] ----------------------------------------------------------------------
[debug] 
[debug] [2019-06-16T03:41:31.310Z] > command requires scopes: ["email","openid","https://www.googleapis.com/auth/cloudplatformprojects.readonly","https://www.googleapis.com/auth/firebase","https://www.googleapis.com/auth/cloud-platform"]
[debug] [2019-06-16T03:41:31.310Z] > authorizing via signed-in user
[info] 
     ######## #### ########  ######## ########     ###     ######  ########
     ##        ##  ##     ## ##       ##     ##  ##   ##  ##       ##
     ######    ##  ########  ######   ########  #########  ######  ######
     ##        ##  ##    ##  ##       ##     ## ##     ##       ## ##
     ##       #### ##     ## ######## ########  ##     ##  ######  ########

You're about to initialize a Firebase project in this directory:

  /Users/bwhellar/Desktop/Clean2/Record-Store

[info] 
=== Project Setup
[info] 
[info] First, let's associate this project directory with a Firebase project.
[info] You can create multiple project aliases by running firebase use --add, 
[info] but for now we'll just set up a default project.
[info] 
[debug] [2019-06-16T03:41:50.361Z] > refreshing access token with scopes: ["email","https://www.googleapis.com/auth/cloud-platform","https://www.googleapis.com/auth/cloudplatformprojects.readonly","https://www.googleapis.com/auth/firebase","openid"]
[debug] [2019-06-16T03:41:50.362Z] >>> HTTP REQUEST POST https://www.googleapis.com/oauth2/v3/token  
 <request body omitted>
[debug] [2019-06-16T03:41:50.575Z] <<< HTTP RESPONSE 200
[debug] [2019-06-16T03:41:50.592Z] >>> HTTP REQUEST GET https://firebase.googleapis.com/v1beta1/projects?page_size=100  
 
[debug] [2019-06-16T03:41:50.877Z] <<< HTTP RESPONSE 200
[info] i  Using project bwhalbum (BWHAlbum)
[info] 
=== Hosting Setup
[info] 
[info] Your public directory is the folder (relative to your project directory) that
[info] will contain Hosting assets to be uploaded with firebase deploy. If you
[info] have a build process for your assets, use your build's output directory.
[info] 
[debug] [2019-06-17T16:36:54.473Z] Error: write EIO
    at WriteWrap.afterWrite [as oncomplete] (net.js:779:14)
[error] 
[error] Error: An unexpected error has occurred.
[debug] [2019-06-17T16:36:54.483Z] TypeError: Cannot read property 'setRawMode' of null
    at ReadStream.setRawMode (tty.js:66:28)
    at Interface._setRawMode (readline.js:251:16)
    at Interface.close (readline.js:376:10)
    at ReadStream.ontermend (readline.js:164:10)
    at ReadStream.emit (events.js:194:15)
    at ReadStream.EventEmitter.emit (domain.js:441:20)
    at endReadableNT (_stream_readable.js:1125:12)
    at process._tickCallback (internal/process/next_tick.js:63:19)
[error] 
[error] Error: An unexpected error has occurred.
